e:\visual studio\projects\summerproject\summerproject\release\vc120.pdb
e:\visual studio\projects\summerproject\summerproject\release\terrorist.obj
e:\visual studio\projects\summerproject\summerproject\release\player.obj
e:\visual studio\projects\summerproject\summerproject\release\obstacle.obj
e:\visual studio\projects\summerproject\summerproject\release\main.obj
e:\visual studio\projects\summerproject\summerproject\release\enemy.obj
e:\visual studio\projects\summerproject\summerproject\release\bullets.obj
e:\visual studio\projects\summerproject\summerproject\release\background.obj
c:\users\intel\documents\github\td-game\summerproject\release\vc120.pdb
c:\users\intel\documents\github\td-game\summerproject\release\terrorist.obj
c:\users\intel\documents\github\td-game\summerproject\release\player.obj
c:\users\intel\documents\github\td-game\summerproject\release\obstacle.obj
c:\users\intel\documents\github\td-game\summerproject\release\main.obj
c:\users\intel\documents\github\td-game\summerproject\release\enemy.obj
c:\users\intel\documents\github\td-game\summerproject\release\bullets.obj
c:\users\intel\documents\github\td-game\summerproject\release\background.obj
e:\visual studio\projects\summerproject\release\summerproject.exe
e:\visual studio\projects\summerproject\release\summerproject.pdb
c:\users\intel\documents\github\td-game\release\summerproject.exe
c:\users\intel\documents\github\td-game\release\summerproject.pdb
c:\users\intel\documents\github\td-game\summerproject\release\summerproject.tlog\cl.command.1.tlog
c:\users\intel\documents\github\td-game\summerproject\release\summerproject.tlog\cl.read.1.tlog
c:\users\intel\documents\github\td-game\summerproject\release\summerproject.tlog\cl.write.1.tlog
c:\users\intel\documents\github\td-game\summerproject\release\summerproject.tlog\link.command.1.tlog
c:\users\intel\documents\github\td-game\summerproject\release\summerproject.tlog\link.read.1.tlog
c:\users\intel\documents\github\td-game\summerproject\release\summerproject.tlog\link.write.1.tlog
